app/build/outputs/logs/manifest-merger-debug-report.txt
-- Merging decision tree log ---
manifest
ADDED from src/main/AndroidManifest.xml:2:1-58:12
	package
		ADDED from src/main/AndroidManifest.xml:3:5-43
		INJECTED from src/main/AndroidManifest.xml
		INJECTED from src/main/AndroidManifest.xml
	android:versionName
		ADDED from src/main/AndroidManifest.xml:5:5-30
		INJECTED from src/main/AndroidManifest.xml
		INJECTED from src/main/AndroidManifest.xml
	android:versionCode
		ADDED from src/main/AndroidManifest.xml:4:5-28
		INJECTED from src/main/AndroidManifest.xml
		INJECTED from src/main/AndroidManifest.xml
	xmlns:android
		ADDED from src/main/AndroidManifest.xml:2:11-69
uses-sdk
ADDED from src/main/AndroidManifest.xml:7:5-9:41
	android:targetSdkVersion
		ADDED from src/main/AndroidManifest.xml:9:9-38
		INJECTED from src/main/AndroidManifest.xml
		INJECTED from src/main/AndroidManifest.xml
	android:minSdkVersion
		ADDED from src/main/AndroidManifest.xml:8:9-35
		INJECTED from src/main/AndroidManifest.xml
		INJECTED from src/main/AndroidManifest.xml
uses-permission#android.permission.SYSTEM_ALERT_WINDOW
ADDED from src/main/AndroidManifest.xml:11:5-78
	android:name
		ADDED from src/main/AndroidManifest.xml:11:22-75
uses-permission#android.permission.GET_TASKS
ADDED from src/main/AndroidManifest.xml:12:5-68
	android:name
		ADDED from src/main/AndroidManifest.xml:12:22-65
uses-permission#android.permission.CAMERA
ADDED from src/main/AndroidManifest.xml:13:5-65
	android:name
		ADDED from src/main/AndroidManifest.xml:13:22-62
uses-feature#android.hardware.camera
ADDED from src/main/AndroidManifest.xml:15:5-60
	android:name
		ADDED from src/main/AndroidManifest.xml:15:19-57
uses-feature#android.hardware.camera.autofocus
ADDED from src/main/AndroidManifest.xml:16:5-70
	android:name
		ADDED from src/main/AndroidManifest.xml:16:19-67
uses-permission#android.permission.MOUNT_UNMOUNT_FILESYSTEMS
ADDED from src/main/AndroidManifest.xml:18:5-84
	android:name
		ADDED from src/main/AndroidManifest.xml:18:22-81
uses-permission#android.permission.INTERNET
ADDED from src/main/AndroidManifest.xml:19:5-67
	android:name
		ADDED from src/main/AndroidManifest.xml:19:22-64
uses-permission#android.permission.ACCESS_NETWORK_STATE
ADDED from src/main/AndroidManifest.xml:20:5-79
	android:name
		ADDED from src/main/AndroidManifest.xml:20:22-76
uses-permission#android.permission.WRITE_EXTERNAL_STORAGE
ADDED from src/main/AndroidManifest.xml:21:5-81
	android:name
		ADDED from src/main/AndroidManifest.xml:21:22-78
uses-permission#android.permission.RECORD_AUDIO
ADDED from src/main/AndroidManifest.xml:22:5-71
	android:name
		ADDED from src/main/AndroidManifest.xml:22:22-68
uses-permission#android.permission.WAKE_LOCK
ADDED from src/main/AndroidManifest.xml:23:5-68
	android:name
		ADDED from src/main/AndroidManifest.xml:23:22-65
uses-permission#android.permission.ACCESS_WIFI_STATE
ADDED from src/main/AndroidManifest.xml:24:5-76
	android:name
		ADDED from src/main/AndroidManifest.xml:24:22-73
uses-permission#android.permission.CHANGE_WIFI_MULTICAST_STATE
ADDED from src/main/AndroidManifest.xml:25:5-86
	android:name
		ADDED from src/main/AndroidManifest.xml:25:22-83
uses-permission#android.permission.VIBRATE
ADDED from src/main/AndroidManifest.xml:26:5-66
	android:name
		ADDED from src/main/AndroidManifest.xml:26:22-63
application
ADDED from src/main/AndroidManifest.xml:28:5-56:19
	android:label
		ADDED from src/main/AndroidManifest.xml:31:9-41
	android:allowBackup
		ADDED from src/main/AndroidManifest.xml:29:9-35
	android:icon
		ADDED from src/main/AndroidManifest.xml:30:9-45
	android:theme
		ADDED from src/main/AndroidManifest.xml:32:9-40
activity#com.daniulive.smart.MainActivity
ADDED from src/main/AndroidManifest.xml:33:9-41:20
	android:label
		ADDED from src/main/AndroidManifest.xml:35:13-45
	android:name
		ADDED from src/main/AndroidManifest.xml:34:13-60
intent-filter#android.intent.action.MAIN+android.intent.category.LAUNCHER
ADDED from src/main/AndroidManifest.xml:36:13-40:29
action#android.intent.action.MAIN
ADDED from src/main/AndroidManifest.xml:37:17-69
	android:name
		ADDED from src/main/AndroidManifest.xml:37:25-66
category#android.intent.category.LAUNCHER
ADDED from src/main/AndroidManifest.xml:39:17-77
	android:name
		ADDED from src/main/AndroidManifest.xml:39:27-74
activity#com.daniulive.smart.RecorderManager
ADDED from src/main/AndroidManifest.xml:42:9-46:20
	android:label
		ADDED from src/main/AndroidManifest.xml:45:13-45
	android:configChanges
		ADDED from src/main/AndroidManifest.xml:44:13-74
	android:name
		ADDED from src/main/AndroidManifest.xml:43:13-63
activity#com.daniulive.smart.RecorderPlayback
ADDED from src/main/AndroidManifest.xml:47:9-52:20
	android:screenOrientation
		ADDED from src/main/AndroidManifest.xml:51:13-49
	android:label
		ADDED from src/main/AndroidManifest.xml:50:13-45
	android:configChanges
		ADDED from src/main/AndroidManifest.xml:49:13-74
	android:name
		ADDED from src/main/AndroidManifest.xml:48:13-64
service#com.daniulive.smart.BackgroudService
ADDED from src/main/AndroidManifest.xml:54:9-55:19
	android:name
		ADDED from src/main/AndroidManifest.xml:54:18-69